<?xml version="1.0" encoding="UTF-8"?>
<testsuite name="Tests.TestVehiculos" tests="1" skipped="0" failures="1" errors="0" timestamp="2019-10-21T15:09:45" hostname="PRACTIAARNB823" time="17.611">
  <properties/>
  <testcase name="testPrecioPublicacionVehiculos" classname="Tests.TestVehiculos" time="17.611">
    <failure message="org.junit.ComparisonFailure: no coincide la descripcion del catalogo con el de la publicacion expected:&lt;B[mw] Serie 3 2.0 328i Ex...&gt; but was:&lt;B[MW] Serie 3 2.0 328i Ex...&gt;" type="org.junit.ComparisonFailure">org.junit.ComparisonFailure: no coincide la descripcion del catalogo con el de la publicacion expected:&lt;B[mw] Serie 3 2.0 328i Ex...&gt; but was:&lt;B[MW] Serie 3 2.0 328i Ex...&gt;
	at org.junit.Assert.assertEquals(Assert.java:115)
	at Tests.TestVehiculos.testPrecioPublicacionVehiculos(TestVehiculos.java:42)
	at sun.reflect.NativeMethodAccessorImpl.invoke0(Native Method)
	at sun.reflect.NativeMethodAccessorImpl.invoke(NativeMethodAccessorImpl.java:62)
	at sun.reflect.DelegatingMethodAccessorImpl.invoke(DelegatingMethodAccessorImpl.java:43)
	at java.lang.reflect.Method.invoke(Method.java:498)
	at org.junit.runners.model.FrameworkMethod$1.runReflectiveCall(FrameworkMethod.java:50)
	at org.junit.internal.runners.model.ReflectiveCallable.run(ReflectiveCallable.java:12)
	at org.junit.runners.model.FrameworkMethod.invokeExplosively(FrameworkMethod.java:47)
	at org.junit.internal.runners.statements.InvokeMethod.evaluate(InvokeMethod.java:17)
	at org.junit.internal.runners.statements.RunBefores.evaluate(RunBefores.java:26)
	at org.junit.internal.runners.statements.RunAfters.evaluate(RunAfters.java:27)
	at org.junit.rules.TestWatcher$1.evaluate(TestWatcher.java:55)
	at org.junit.rules.RunRules.evaluate(RunRules.java:20)
	at org.junit.runners.ParentRunner.runLeaf(ParentRunner.java:325)
	at org.junit.runners.BlockJUnit4ClassRunner.runChild(BlockJUnit4ClassRunner.java:78)
	at org.junit.runners.BlockJUnit4ClassRunner.runChild(BlockJUnit4ClassRunner.java:57)
	at org.junit.runners.ParentRunner$3.run(ParentRunner.java:290)
	at org.junit.runners.ParentRunner$1.schedule(ParentRunner.java:71)
	at org.junit.runners.ParentRunner.runChildren(ParentRunner.java:288)
	at org.junit.runners.ParentRunner.access$000(ParentRunner.java:58)
	at org.junit.runners.ParentRunner$2.evaluate(ParentRunner.java:268)
	at org.junit.internal.runners.statements.RunAfters.evaluate(RunAfters.java:27)
	at org.junit.runners.ParentRunner.run(ParentRunner.java:363)
	at org.junit.runners.Suite.runChild(Suite.java:128)
	at org.junit.runners.Suite.runChild(Suite.java:27)
	at org.junit.runners.ParentRunner$3.run(ParentRunner.java:290)
	at org.junit.runners.ParentRunner$1.schedule(ParentRunner.java:71)
	at org.junit.runners.ParentRunner.runChildren(ParentRunner.java:288)
	at org.junit.runners.ParentRunner.access$000(ParentRunner.java:58)
	at org.junit.runners.ParentRunner$2.evaluate(ParentRunner.java:268)
	at org.junit.runners.ParentRunner.run(ParentRunner.java:363)
	at org.gradle.api.internal.tasks.testing.junit.JUnitTestClassExecutor.runTestClass(JUnitTestClassExecutor.java:110)
	at org.gradle.api.internal.tasks.testing.junit.JUnitTestClassExecutor.execute(JUnitTestClassExecutor.java:58)
	at org.gradle.api.internal.tasks.testing.junit.JUnitTestClassExecutor.execute(JUnitTestClassExecutor.java:38)
	at org.gradle.api.internal.tasks.testing.junit.AbstractJUnitTestClassProcessor.processTestClass(AbstractJUnitTestClassProcessor.java:62)
	at org.gradle.api.internal.tasks.testing.SuiteTestClassProcessor.processTestClass(SuiteTestClassProcessor.java:51)
	at sun.reflect.NativeMethodAccessorImpl.invoke0(Native Method)
	at sun.reflect.NativeMethodAccessorImpl.invoke(NativeMethodAccessorImpl.java:62)
	at sun.reflect.DelegatingMethodAccessorImpl.invoke(DelegatingMethodAccessorImpl.java:43)
	at java.lang.reflect.Method.invoke(Method.java:498)
	at org.gradle.internal.dispatch.ReflectionDispatch.dispatch(ReflectionDispatch.java:35)
	at org.gradle.internal.dispatch.ReflectionDispatch.dispatch(ReflectionDispatch.java:24)
	at org.gradle.internal.dispatch.ContextClassLoaderDispatch.dispatch(ContextClassLoaderDispatch.java:32)
	at org.gradle.internal.dispatch.ProxyDispatchAdapter$DispatchingInvocationHandler.invoke(ProxyDispatchAdapter.java:93)
	at com.sun.proxy.$Proxy2.processTestClass(Unknown Source)
	at org.gradle.api.internal.tasks.testing.worker.TestWorker.processTestClass(TestWorker.java:118)
	at sun.reflect.NativeMethodAccessorImpl.invoke0(Native Method)
	at sun.reflect.NativeMethodAccessorImpl.invoke(NativeMethodAccessorImpl.java:62)
	at sun.reflect.DelegatingMethodAccessorImpl.invoke(DelegatingMethodAccessorImpl.java:43)
	at java.lang.reflect.Method.invoke(Method.java:498)
	at org.gradle.internal.dispatch.ReflectionDispatch.dispatch(ReflectionDispatch.java:35)
	at org.gradle.internal.dispatch.ReflectionDispatch.dispatch(ReflectionDispatch.java:24)
	at org.gradle.internal.remote.internal.hub.MessageHubBackedObjectConnection$DispatchWrapper.dispatch(MessageHubBackedObjectConnection.java:175)
	at org.gradle.internal.remote.internal.hub.MessageHubBackedObjectConnection$DispatchWrapper.dispatch(MessageHubBackedObjectConnection.java:157)
	at org.gradle.internal.remote.internal.hub.MessageHub$Handler.run(MessageHub.java:404)
	at org.gradle.internal.concurrent.ExecutorPolicy$CatchAndRecordFailures.onExecute(ExecutorPolicy.java:63)
	at org.gradle.internal.concurrent.ManagedExecutorImpl$1.run(ManagedExecutorImpl.java:46)
	at java.util.concurrent.ThreadPoolExecutor.runWorker(ThreadPoolExecutor.java:1149)
	at java.util.concurrent.ThreadPoolExecutor$Worker.run(ThreadPoolExecutor.java:624)
	at org.gradle.internal.concurrent.ThreadFactoryImpl$ManagedThreadRunnable.run(ThreadFactoryImpl.java:55)
	at java.lang.Thread.run(Thread.java:748)
</failure>
  </testcase>
  <system-out><![CDATA[12:09:45 | INFO  - TEST :: STARTING :: testPrecioPublicacionVehiculos
12:09:45 | INFO  - ------------------Test Started------------------
12:09:45 | INFO  - Getting the page http://www.MercadoLibre.com.ar
12:09:45 | INFO  - Creating a new instance of chrome DriverWeb
12:09:47 | INFO  - DriverWeb for chrome has been created.
12:09:47 | INFO  - Chequeando existencia del elemento By.xpath: //header//a[contains(text(),'Categor')]
12:09:49 | INFO  - moviendome al elemento By.xpath: //header//a[contains(text(),'Categor')]
12:09:49 | INFO  - Chequeando existencia del elemento By.xpath: //header//a[contains(text(),'Veh')]
12:09:50 | INFO  - Chequeando existencia del elemento By.xpath: //title
12:09:50 | INFO  - Chequeando existencia del elemento By.xpath: //form//button[@class='ch-btn nav-search-classi-submit']
12:09:56 | INFO  - moviendome al elemento By.xpath: //form//button[@class='ch-btn nav-search-classi-submit']
12:09:56 | INFO  - Chequeando existencia del elemento By.xpath: //title
12:09:58 | INFO  - Chequeando existencia del elemento By.xpath: //span[@class='filter-name'][contains(text(),'Capital Federal')]
12:09:59 | INFO  - Chequeando existencia del elemento By.xpath: //section[@id='results-section']//ol[@id='searchResults']/li[1]//span[@class='main-title']
12:10:01 | INFO  - Obteniendo texto del elemento By.xpath: //section[@id='results-section']//ol[@id='searchResults']/li[1]//span[@class='main-title']
12:10:01 | INFO  - Texto Obtenido: 'Bmw Serie 3 2.0 328i Executive At'
12:10:01 | INFO  - Chequeando existencia del elemento By.xpath: //section[@id='results-section']//ol[@id='searchResults']/li[1]//span[@class='price__fraction']
12:10:01 | INFO  - Obteniendo texto del elemento By.xpath: //section[@id='results-section']//ol[@id='searchResults']/li[1]//span[@class='price__fraction']
12:10:01 | INFO  - Texto Obtenido: '339.000'
12:10:01 | INFO  - Chequeando existencia del elemento By.xpath: //section[@id='results-section']//ol[@id='searchResults']/li[1]//span[@class='price__fraction']
12:10:01 | INFO  - Chequeando existencia del elemento By.xpath: //title
12:10:02 | INFO  - Obteniendo texto del elemento By.xpath: //fieldset//span[@class='price-tag-fraction']
12:10:03 | INFO  - Texto Obtenido: '339.000'
12:10:03 | INFO  - Obteniendo texto del elemento By.xpath: //h1[@class='item-title__primary ']
12:10:03 | INFO  - Texto Obtenido: 'BMW Serie 3 2.0 328i Executive At'
12:10:03 | INFO  - ------------------Test Finished------------------
12:10:03 | INFO  - TEST :: FAILED :: testPrecioPublicacionVehiculos
]]></system-out>
  <system-err><![CDATA[oct 21, 2019 12:09:45 PM org.openqa.selenium.remote.DesiredCapabilities chrome
INFORMACIÓN: Using `new ChromeOptions()` is preferred to `DesiredCapabilities.chrome()`
Starting ChromeDriver 2.40.565498 (ea082db3280dd6843ebfb08a625e3eb905c4f5ab) on port 18881
Only local connections are allowed.
oct 21, 2019 12:09:47 PM org.openqa.selenium.remote.ProtocolHandshake createSession
INFORMACIÓN: Detected dialect: OSS
]]></system-err>
</testsuite>
