<?xml version="1.0" encoding="UTF-8"?>
<testsuite name="Tests.TestTecnologia" tests="2" skipped="0" failures="1" errors="0" timestamp="2019-10-21T15:07:47" hostname="PRACTIAARNB823" time="109.918">
  <properties/>
  <testcase name="testTecnologia" classname="Tests.TestTecnologia" time="65.474">
    <failure message="java.lang.AssertionError" type="java.lang.AssertionError">java.lang.AssertionError
	at org.junit.Assert.fail(Assert.java:86)
	at org.junit.Assert.assertTrue(Assert.java:41)
	at org.junit.Assert.assertTrue(Assert.java:52)
	at Steps.HeaderSteps.clickCelulares(HeaderSteps.java:21)
	at Tests.TestTecnologia.testTecnologia(TestTecnologia.java:20)
	at sun.reflect.NativeMethodAccessorImpl.invoke0(Native Method)
	at sun.reflect.NativeMethodAccessorImpl.invoke(NativeMethodAccessorImpl.java:62)
	at sun.reflect.DelegatingMethodAccessorImpl.invoke(DelegatingMethodAccessorImpl.java:43)
	at java.lang.reflect.Method.invoke(Method.java:498)
	at org.junit.runners.model.FrameworkMethod$1.runReflectiveCall(FrameworkMethod.java:50)
	at org.junit.internal.runners.model.ReflectiveCallable.run(ReflectiveCallable.java:12)
	at org.junit.runners.model.FrameworkMethod.invokeExplosively(FrameworkMethod.java:47)
	at org.junit.internal.runners.statements.InvokeMethod.evaluate(InvokeMethod.java:17)
	at org.junit.internal.runners.statements.RunBefores.evaluate(RunBefores.java:26)
	at org.junit.internal.runners.statements.RunAfters.evaluate(RunAfters.java:27)
	at org.junit.rules.TestWatcher$1.evaluate(TestWatcher.java:55)
	at org.junit.rules.RunRules.evaluate(RunRules.java:20)
	at org.junit.runners.ParentRunner.runLeaf(ParentRunner.java:325)
	at org.junit.runners.BlockJUnit4ClassRunner.runChild(BlockJUnit4ClassRunner.java:78)
	at org.junit.runners.BlockJUnit4ClassRunner.runChild(BlockJUnit4ClassRunner.java:57)
	at org.junit.runners.ParentRunner$3.run(ParentRunner.java:290)
	at org.junit.runners.ParentRunner$1.schedule(ParentRunner.java:71)
	at org.junit.runners.ParentRunner.runChildren(ParentRunner.java:288)
	at org.junit.runners.ParentRunner.access$000(ParentRunner.java:58)
	at org.junit.runners.ParentRunner$2.evaluate(ParentRunner.java:268)
	at org.junit.internal.runners.statements.RunAfters.evaluate(RunAfters.java:27)
	at org.junit.runners.ParentRunner.run(ParentRunner.java:363)
	at org.junit.runners.Suite.runChild(Suite.java:128)
	at org.junit.runners.Suite.runChild(Suite.java:27)
	at org.junit.runners.ParentRunner$3.run(ParentRunner.java:290)
	at org.junit.runners.ParentRunner$1.schedule(ParentRunner.java:71)
	at org.junit.runners.ParentRunner.runChildren(ParentRunner.java:288)
	at org.junit.runners.ParentRunner.access$000(ParentRunner.java:58)
	at org.junit.runners.ParentRunner$2.evaluate(ParentRunner.java:268)
	at org.junit.runners.ParentRunner.run(ParentRunner.java:363)
	at org.gradle.api.internal.tasks.testing.junit.JUnitTestClassExecutor.runTestClass(JUnitTestClassExecutor.java:110)
	at org.gradle.api.internal.tasks.testing.junit.JUnitTestClassExecutor.execute(JUnitTestClassExecutor.java:58)
	at org.gradle.api.internal.tasks.testing.junit.JUnitTestClassExecutor.execute(JUnitTestClassExecutor.java:38)
	at org.gradle.api.internal.tasks.testing.junit.AbstractJUnitTestClassProcessor.processTestClass(AbstractJUnitTestClassProcessor.java:62)
	at org.gradle.api.internal.tasks.testing.SuiteTestClassProcessor.processTestClass(SuiteTestClassProcessor.java:51)
	at sun.reflect.NativeMethodAccessorImpl.invoke0(Native Method)
	at sun.reflect.NativeMethodAccessorImpl.invoke(NativeMethodAccessorImpl.java:62)
	at sun.reflect.DelegatingMethodAccessorImpl.invoke(DelegatingMethodAccessorImpl.java:43)
	at java.lang.reflect.Method.invoke(Method.java:498)
	at org.gradle.internal.dispatch.ReflectionDispatch.dispatch(ReflectionDispatch.java:35)
	at org.gradle.internal.dispatch.ReflectionDispatch.dispatch(ReflectionDispatch.java:24)
	at org.gradle.internal.dispatch.ContextClassLoaderDispatch.dispatch(ContextClassLoaderDispatch.java:32)
	at org.gradle.internal.dispatch.ProxyDispatchAdapter$DispatchingInvocationHandler.invoke(ProxyDispatchAdapter.java:93)
	at com.sun.proxy.$Proxy2.processTestClass(Unknown Source)
	at org.gradle.api.internal.tasks.testing.worker.TestWorker.processTestClass(TestWorker.java:118)
	at sun.reflect.NativeMethodAccessorImpl.invoke0(Native Method)
	at sun.reflect.NativeMethodAccessorImpl.invoke(NativeMethodAccessorImpl.java:62)
	at sun.reflect.DelegatingMethodAccessorImpl.invoke(DelegatingMethodAccessorImpl.java:43)
	at java.lang.reflect.Method.invoke(Method.java:498)
	at org.gradle.internal.dispatch.ReflectionDispatch.dispatch(ReflectionDispatch.java:35)
	at org.gradle.internal.dispatch.ReflectionDispatch.dispatch(ReflectionDispatch.java:24)
	at org.gradle.internal.remote.internal.hub.MessageHubBackedObjectConnection$DispatchWrapper.dispatch(MessageHubBackedObjectConnection.java:175)
	at org.gradle.internal.remote.internal.hub.MessageHubBackedObjectConnection$DispatchWrapper.dispatch(MessageHubBackedObjectConnection.java:157)
	at org.gradle.internal.remote.internal.hub.MessageHub$Handler.run(MessageHub.java:404)
	at org.gradle.internal.concurrent.ExecutorPolicy$CatchAndRecordFailures.onExecute(ExecutorPolicy.java:63)
	at org.gradle.internal.concurrent.ManagedExecutorImpl$1.run(ManagedExecutorImpl.java:46)
	at java.util.concurrent.ThreadPoolExecutor.runWorker(ThreadPoolExecutor.java:1149)
	at java.util.concurrent.ThreadPoolExecutor$Worker.run(ThreadPoolExecutor.java:624)
	at org.gradle.internal.concurrent.ThreadFactoryImpl$ManagedThreadRunnable.run(ThreadFactoryImpl.java:55)
	at java.lang.Thread.run(Thread.java:748)
</failure>
  </testcase>
  <testcase name="testTecnologia" classname="Tests.TestTecnologia" time="8.536"/>
  <system-out><![CDATA[12:07:47 | INFO  - TEST :: STARTING :: testTecnologia
12:07:47 | INFO  - ------------------Test Started------------------
12:07:47 | INFO  - Getting the page http://www.MercadoLibre.com.ar
12:07:47 | INFO  - Creating a new instance of chrome DriverWeb
12:07:49 | INFO  - DriverWeb for chrome has been created.
12:07:49 | INFO  - Chequeando existencia del elemento By.xpath: //header//a[contains(text(),'Categor')]
12:07:52 | INFO  - moviendome al elemento By.xpath: //header//a[contains(text(),'Categor')]
12:07:52 | INFO  - Chequeando existencia del elemento By.xpath: //header//a[contains(text(),'Tecnología')]
12:08:07 | INFO  - moviendome al elemento By.xpath: //header//a[contains(text(),'Tecnología')]
12:08:22 | ERROR - No se encontro el elemento By.xpath: //header//a[contains(text(),'Tecnología')]
12:08:22 | ERROR - Ocurrio un error al desplazarse al elemento: By.xpath: //header//a[contains(text(),'Tecnología')]
12:08:22 | INFO  - Chequeando existencia del elemento By.xpath: //header//div[@class='nav-categs-detail__body']//a[contains(text(),'Celulares y Smartphones')]
12:08:53 | ERROR - No se encontro el elemento By.xpath: //header//div[@class='nav-categs-detail__body']//a[contains(text(),'Celulares y Smartphones')]
12:08:53 | ERROR - Ocurrio un error al cliquear el elemento: By.xpath: //header//div[@class='nav-categs-detail__body']//a[contains(text(),'Celulares y Smartphones')]
12:08:53 | INFO  - ------------------Test Finished------------------
12:08:53 | INFO  - TEST :: FAILED :: testTecnologia
12:09:28 | INFO  - TEST :: STARTING :: testTecnologia
12:09:28 | INFO  - ------------------Test Started------------------
12:09:28 | INFO  - Getting the page http://www.MercadoLibre.com.ar
12:09:28 | INFO  - Creating a new instance of chrome DriverWeb
12:09:31 | INFO  - DriverWeb for chrome has been created.
12:09:31 | INFO  - Chequeando existencia del elemento By.xpath: //header//a[contains(text(),'Categor')]
12:09:32 | INFO  - moviendome al elemento By.xpath: //header//a[contains(text(),'Categor')]
12:09:33 | INFO  - Chequeando existencia del elemento By.xpath: //header//a[contains(text(),'Tecnología')]
12:09:34 | INFO  - moviendome al elemento By.xpath: //header//a[contains(text(),'Tecnología')]
12:09:34 | INFO  - Chequeando existencia del elemento By.xpath: //header//div[@class='nav-categs-detail__body']//a[contains(text(),'Celulares y Smartphones')]
12:09:34 | INFO  - Chequeando existencia del elemento By.xpath: //title
12:09:36 | INFO  - Obteniendo texto del elemento By.xpath: //h1[contains(text(),'Celulares')]
12:09:37 | INFO  - Texto Obtenido: 'Celulares y Smartphones'
12:09:37 | INFO  - Obteniendo texto del elemento By.xpath: //div[@class='quantity-results']
12:09:37 | INFO  - Texto Obtenido: '92.232 resultados'
12:09:37 | INFO  - Asserts correctos
12:09:37 | INFO  - ------------------Test Finished------------------
12:09:37 | INFO  - TEST :: SUCCEDED :: testTecnologia
]]></system-out>
  <system-err><![CDATA[oct 21, 2019 12:07:47 PM org.openqa.selenium.remote.DesiredCapabilities chrome
INFORMACIÓN: Using `new ChromeOptions()` is preferred to `DesiredCapabilities.chrome()`
Starting ChromeDriver 2.40.565498 (ea082db3280dd6843ebfb08a625e3eb905c4f5ab) on port 30299
Only local connections are allowed.
oct 21, 2019 12:07:49 PM org.openqa.selenium.remote.ProtocolHandshake createSession
INFORMACIÓN: Detected dialect: OSS
oct 21, 2019 12:09:28 PM org.openqa.selenium.remote.DesiredCapabilities chrome
INFORMACIÓN: Using `new ChromeOptions()` is preferred to `DesiredCapabilities.chrome()`
Starting ChromeDriver 2.40.565498 (ea082db3280dd6843ebfb08a625e3eb905c4f5ab) on port 1642
Only local connections are allowed.
oct 21, 2019 12:09:31 PM org.openqa.selenium.remote.ProtocolHandshake createSession
INFORMACIÓN: Detected dialect: OSS
]]></system-err>
</testsuite>
